<?xml version="1.0" encoding="UTF-8"?>
<!-- Generated by org.testng.reporters.JUnitReportReporter -->
<testsuite hostname="HBPC-HWMBD15-004" failures="0" tests="1" name="com.example.BookTest" time="0.035" errors="0" timestamp="2024-08-01T15:54:07 CEST" skipped="0">
  <testcase classname="com.example.BookTest" name="getAge" time="0.035"/>
</testsuite> <!-- com.example.BookTest -->
